<?xml version="1.0"?>
<testsuites>
  <testsuite name="Firefox 23.0 (Mac)" package="" timestamp="2013-09-27T06:49:40" id="0" hostname="Escudo.local" tests="2" errors="0" failures="0" time="0.008">
    <properties>
      <property name="browser.fullName" value="Mozilla/5.0 (Macintosh; Intel Mac OS X 10.8; rv:23.0) Gecko/20100101 Firefox/23.0"/>
    </properties>
    <testcase name="version check" time="0.003" classname="Firefox 23.0 (Mac).Husky"/>
    <testcase name="application start" time="0.005" classname="Firefox 23.0 (Mac).Husky"/>
    <system-out><![CDATA[Firefox 23.0 (Mac) LOG: [ 'aura_2:', 'Starting Aura' ]
,Firefox 23.0 (Mac) LOG: [ 'aura_2:', 'Starting Aura' ]

]]></system-out>
    <system-err/>
  </testsuite>
</testsuites>
